[0.013s] Invoking command in '/home/marcus/Workspace/ROS/ros2/dev_ws/build/helloworld': CMAKE_PREFIX_PATH=/opt/ros/foxy /usr/bin/cmake --build /home/marcus/Workspace/ROS/ros2/dev_ws/build/helloworld -- -j8 -l8
[0.039s] -- Found ament_cmake: 0.9.9 (/opt/ros/foxy/share/ament_cmake/cmake)
[0.061s] -- Using PYTHON_EXECUTABLE: /usr/bin/python3
[0.235s] -- Found rclcpp: 2.4.1 (/opt/ros/foxy/share/rclcpp/cmake)
[0.267s] -- Using all available rosidl_typesupport_c: rosidl_typesupport_fastrtps_c;rosidl_typesupport_introspection_c
[0.270s] -- Found rosidl_adapter: 1.2.1 (/opt/ros/foxy/share/rosidl_adapter/cmake)
[0.382s] -- Using all available rosidl_typesupport_cpp: rosidl_typesupport_fastrtps_cpp;rosidl_typesupport_introspection_cpp
[0.429s] -- Found rmw_implementation_cmake: 1.0.3 (/opt/ros/foxy/share/rmw_implementation_cmake/cmake)
[0.430s] -- Using RMW implementation 'rmw_fastrtps_cpp' as default
[0.560s] -- Eigen found (include: /usr/include/eigen3, version: 3.3.7)
[0.636s] -- The imported target "vtkParseOGLExt" references the file
[0.636s]    "/usr/bin/vtkParseOGLExt-7.1"
[0.636s] but this file does not exist.  Possible reasons include:
[0.636s] * The file was deleted, renamed, or moved to another location.
[0.636s] * An install or uninstall procedure did not complete successfully.
[0.636s] * The installation package was faulty and contained
[0.636s]    "/usr/lib/cmake/vtk-7.1/VTKTargets.cmake"
[0.636s] but not all the files it references.
[0.636s] 
[0.637s] -- The imported target "vtkRenderingPythonTkWidgets" references the file
[0.637s]    "/usr/lib/x86_64-linux-gnu/libvtkRenderingPythonTkWidgets.so"
[0.637s] but this file does not exist.  Possible reasons include:
[0.637s] * The file was deleted, renamed, or moved to another location.
[0.637s] * An install or uninstall procedure did not complete successfully.
[0.637s] * The installation package was faulty and contained
[0.637s]    "/usr/lib/cmake/vtk-7.1/VTKTargets.cmake"
[0.637s] but not all the files it references.
[0.637s] 
[0.638s] -- The imported target "vtk" references the file
[0.638s]    "/usr/bin/vtk"
[0.638s] but this file does not exist.  Possible reasons include:
[0.638s] * The file was deleted, renamed, or moved to another location.
[0.638s] * An install or uninstall procedure did not complete successfully.
[0.638s] * The installation package was faulty and contained
[0.638s]    "/usr/lib/cmake/vtk-7.1/VTKTargets.cmake"
[0.638s] but not all the files it references.
[0.638s] 
[0.638s] -- The imported target "pvtk" references the file
[0.638s]    "/usr/bin/pvtk"
[0.638s] but this file does not exist.  Possible reasons include:
[0.638s] * The file was deleted, renamed, or moved to another location.
[0.638s] * An install or uninstall procedure did not complete successfully.
[0.639s] * The installation package was faulty and contained
[0.639s]    "/usr/lib/cmake/vtk-7.1/VTKTargets.cmake"
[0.639s] but not all the files it references.
[0.639s] 
[0.658s] -- OpenNI found (include: /usr/include/ni, lib: /usr/lib/libOpenNI.so)
[0.664s] -- OpenNI2 found (include: /usr/include/openni2, lib: /usr/lib/libOpenNI2.so)
[0.664s] ** WARNING ** io features related to pcap will be disabled
[0.664s] ** WARNING ** io features related to png will be disabled
[0.676s] ** WARNING ** io features related to libusb-1.0 will be disabled
[0.681s] -- OpenNI found (include: /usr/include/ni, lib: /usr/lib/libOpenNI.so)
[0.686s] -- OpenNI2 found (include: /usr/include/openni2, lib: /usr/lib/libOpenNI2.so)
[0.698s] -- QHULL found (include: /usr/include, lib: optimized;/usr/lib/x86_64-linux-gnu/libqhull.so;debug;/usr/lib/x86_64-linux-gnu/libqhull.so)
[0.704s] -- OpenNI found (include: /usr/include/ni, lib: /usr/lib/libOpenNI.so)
[0.716s] -- looking for PCL_COMMON
[0.717s] -- looking for PCL_KDTREE
[0.717s] -- looking for PCL_OCTREE
[0.718s] -- looking for PCL_SEARCH
[0.718s] -- looking for PCL_SAMPLE_CONSENSUS
[0.719s] -- looking for PCL_FILTERS
[0.720s] -- looking for PCL_2D
[0.720s] -- looking for PCL_GEOMETRY
[0.720s] -- looking for PCL_IO
[0.721s] -- looking for PCL_FEATURES
[0.721s] -- looking for PCL_ML
[0.722s] -- looking for PCL_SEGMENTATION
[0.723s] -- looking for PCL_VISUALIZATION
[0.723s] -- looking for PCL_SURFACE
[0.724s] -- looking for PCL_REGISTRATION
[0.725s] -- looking for PCL_KEYPOINTS
[0.725s] -- looking for PCL_TRACKING
[0.726s] -- looking for PCL_RECOGNITION
[0.726s] -- looking for PCL_STEREO
[0.727s] -- looking for PCL_APPS
[0.728s] -- looking for PCL_IN_HAND_SCANNER
[0.728s] -- looking for PCL_POINT_CLOUD_EDITOR
[0.729s] -- looking for PCL_OUTOFCORE
[0.729s] -- looking for PCL_PEOPLE
[0.742s] -- Found ament_lint_auto: 0.9.6 (/opt/ros/foxy/share/ament_lint_auto/cmake)
[0.797s] -- Added test 'copyright' to check source files copyright and LICENSE
[0.797s] -- Added test 'cppcheck' to perform static code analysis on C / C++ code
[0.798s] -- Configured cppcheck include dirs: /home/marcus/Workspace/ROS/ros2/dev_ws/src/helloworld/include
[0.798s] -- Configured cppcheck exclude dirs and/or files: 
[0.799s] -- Added test 'cpplint' to check C / C++ code against the Google style
[0.799s] -- Configured cpplint exclude dirs and/or files: 
[0.799s] -- Added test 'lint_cmake' to check CMake code style
[0.800s] -- Added test 'uncrustify' to check C / C++ code style
[0.800s] -- Configured uncrustify additional arguments: 
[0.801s] -- Added test 'xmllint' to check XML markup files
[0.803s] -- Configuring done
[0.817s] -- Generating done
[0.819s] -- Build files have been written to: /home/marcus/Workspace/ROS/ros2/dev_ws/build/helloworld
[0.843s] [35m[1mScanning dependencies of target listener[0m
[0.852s] [ 25%] [32mBuilding CXX object CMakeFiles/listener.dir/src/listener.cpp.o[0m
[0.864s] [ 75%] Built target talker
[0.870s] [100%] [32m[1mLinking CXX executable listener[0m
[0.916s] /usr/bin/ld: /usr/lib/gcc/x86_64-linux-gnu/9/../../../x86_64-linux-gnu/Scrt1.o: in function `_start':
[0.916s] (.text+0x24): undefined reference to `main'
[0.917s] collect2: error: ld returned 1 exit status
[0.918s] make[2]: *** [CMakeFiles/listener.dir/build.make:146: listener] Error 1
[0.918s] make[1]: *** [CMakeFiles/Makefile2:80: CMakeFiles/listener.dir/all] Error 2
[0.918s] make: *** [Makefile:141: all] Error 2
[0.920s] Invoked command in '/home/marcus/Workspace/ROS/ros2/dev_ws/build/helloworld' returned '2': CMAKE_PREFIX_PATH=/opt/ros/foxy /usr/bin/cmake --build /home/marcus/Workspace/ROS/ros2/dev_ws/build/helloworld -- -j8 -l8
